<?xml version="1.0" encoding="UTF-8"?>
<coverage generated="1773851060632" clover="3.2.0">
  <project timestamp="1773851060632" name="All files">
    <metrics statements="259" coveredstatements="137" conditionals="4104" coveredconditionals="426" methods="1401" coveredmethods="180" elements="5764" coveredelements="743" complexity="0" loc="259" ncloc="259" packages="6" files="8" classes="8"/>
    <package name="generated.prisma">
      <metrics statements="68" coveredstatements="63" conditionals="8" coveredconditionals="4" methods="1" coveredmethods="0"/>
      <file name="index.js" path="C:\Users\Dell\Desktop\AI_MENTOR\backend\generated\prisma\index.js">
        <metrics statements="68" coveredstatements="63" conditionals="8" coveredconditionals="4" methods="1" coveredmethods="0"/>
        <line num="6" count="3" type="stmt"/>
        <line num="30" count="3" type="stmt"/>
        <line num="33" count="3" type="stmt"/>
        <line num="35" count="3" type="stmt"/>
        <line num="36" count="3" type="stmt"/>
        <line num="42" count="3" type="stmt"/>
        <line num="47" count="3" type="stmt"/>
        <line num="48" count="3" type="stmt"/>
        <line num="49" count="3" type="stmt"/>
        <line num="50" count="3" type="stmt"/>
        <line num="51" count="3" type="stmt"/>
        <line num="52" count="3" type="stmt"/>
        <line num="57" count="3" type="stmt"/>
        <line num="58" count="3" type="stmt"/>
        <line num="59" count="3" type="stmt"/>
        <line num="60" count="3" type="stmt"/>
        <line num="61" count="3" type="stmt"/>
        <line num="66" count="3" type="stmt"/>
        <line num="67" count="3" type="stmt"/>
        <line num="72" count="3" type="stmt"/>
        <line num="73" count="3" type="stmt"/>
        <line num="74" count="3" type="stmt"/>
        <line num="76" count="3" type="stmt"/>
        <line num="85" count="3" type="stmt"/>
        <line num="90" count="3" type="stmt"/>
        <line num="94" count="3" type="stmt"/>
        <line num="107" count="3" type="stmt"/>
        <line num="123" count="3" type="stmt"/>
        <line num="143" count="3" type="stmt"/>
        <line num="151" count="3" type="stmt"/>
        <line num="159" count="3" type="stmt"/>
        <line num="168" count="3" type="stmt"/>
        <line num="182" count="3" type="stmt"/>
        <line num="188" count="3" type="stmt"/>
        <line num="199" count="3" type="stmt"/>
        <line num="209" count="3" type="stmt"/>
        <line num="217" count="3" type="stmt"/>
        <line num="224" count="3" type="stmt"/>
        <line num="229" count="3" type="stmt"/>
        <line num="233" count="3" type="stmt"/>
        <line num="240" count="3" type="stmt"/>
        <line num="246" count="3" type="stmt"/>
        <line num="252" count="3" type="stmt"/>
        <line num="259" count="3" type="stmt"/>
        <line num="264" count="3" type="stmt"/>
        <line num="269" count="3" type="stmt"/>
        <line num="286" count="3" type="stmt"/>
        <line num="335" count="3" type="stmt"/>
        <line num="337" count="3" type="stmt"/>
        <line num="338" count="3" type="cond" truecount="1" falsecount="1"/>
        <line num="339" count="0" type="stmt"/>
        <line num="344" count="0" type="cond" truecount="0" falsecount="2"/>
        <line num="345" count="0" type="stmt"/>
        <line num="348" count="0" type="stmt"/>
        <line num="349" count="0" type="stmt"/>
        <line num="352" count="3" type="stmt"/>
        <line num="353" count="3" type="stmt"/>
        <line num="354" count="3" type="stmt"/>
        <line num="355" count="3" type="stmt"/>
        <line num="358" count="3" type="stmt"/>
        <line num="360" count="3" type="stmt"/>
        <line num="365" count="3" type="stmt"/>
        <line num="366" count="3" type="stmt"/>
        <line num="367" count="3" type="stmt"/>
        <line num="370" count="3" type="stmt"/>
        <line num="371" count="3" type="stmt"/>
        <line num="373" count="3" type="stmt"/>
        <line num="374" count="3" type="stmt"/>
      </file>
    </package>
    <package name="generated.prisma.runtime">
      <metrics statements="50" coveredstatements="29" conditionals="4000" coveredconditionals="404" methods="1376" coveredmethods="171"/>
      <file name="library.js" path="C:\Users\Dell\Desktop\AI_MENTOR\backend\generated\prisma\runtime\library.js">
        <metrics statements="50" coveredstatements="29" conditionals="4000" coveredconditionals="404" methods="1376" coveredmethods="171"/>
        <line num="5" count="2970" type="cond" truecount="71" falsecount="99"/>
        <line num="6" count="36" type="cond" truecount="3" falsecount="1"/>
        <line num="7" count="78" type="cond" truecount="58" falsecount="132"/>
        <line num="8" count="24" type="cond" truecount="8" falsecount="182"/>
        <line num="9" count="9" type="cond" truecount="5" falsecount="34"/>
        <line num="10" count="3" type="cond" truecount="40" falsecount="146"/>
        <line num="13" count="3" type="cond" truecount="1" falsecount="10"/>
        <line num="15" count="0" type="cond" truecount="0" falsecount="6"/>
        <line num="16" count="36" type="cond" truecount="14" falsecount="24"/>
        <line num="17" count="3" type="cond" truecount="2" falsecount="12"/>
        <line num="19" count="0" type="stmt"/>
        <line num="23" count="0" type="cond" truecount="0" falsecount="4"/>
        <line num="25" count="876" type="cond" truecount="91" falsecount="1243"/>
        <line num="26" count="0" type="stmt"/>
        <line num="27" count="0" type="stmt"/>
        <line num="28" count="0" type="stmt"/>
        <line num="29" count="3" type="cond" truecount="0" falsecount="40"/>
        <line num="30" count="3" type="cond" truecount="0" falsecount="39"/>
        <line num="31" count="3" type="cond" truecount="0" falsecount="75"/>
        <line num="32" count="9" type="cond" truecount="1" falsecount="137"/>
        <line num="33" count="138" type="cond" truecount="3" falsecount="299"/>
        <line num="34" count="3" type="stmt"/>
        <line num="35" count="3" type="cond" truecount="3" falsecount="269"/>
        <line num="37" count="3" type="cond" truecount="3" falsecount="3"/>
        <line num="39" count="0" type="stmt"/>
        <line num="40" count="0" type="stmt"/>
        <line num="41" count="0" type="stmt"/>
        <line num="46" count="0" type="stmt"/>
        <line num="47" count="0" type="cond" truecount="0" falsecount="2"/>
        <line num="49" count="0" type="stmt"/>
        <line num="56" count="0" type="stmt"/>
        <line num="61" count="0" type="stmt"/>
        <line num="68" count="3" type="cond" truecount="10" falsecount="21"/>
        <line num="69" count="0" type="stmt"/>
        <line num="70" count="3" type="cond" truecount="0" falsecount="7"/>
        <line num="73" count="0" type="stmt"/>
        <line num="105" count="0" type="stmt"/>
        <line num="114" count="3" type="cond" truecount="9" falsecount="150"/>
        <line num="115" count="18" type="cond" truecount="16" falsecount="147"/>
        <line num="116" count="3" type="cond" truecount="11" falsecount="45"/>
        <line num="117" count="3" type="cond" truecount="0" falsecount="29"/>
        <line num="118" count="3" type="cond" truecount="15" falsecount="64"/>
        <line num="125" count="12" type="cond" truecount="3" falsecount="144"/>
        <line num="126" count="3" type="cond" truecount="0" falsecount="14"/>
        <line num="127" count="0" type="cond" truecount="0" falsecount="6"/>
        <line num="128" count="0" type="cond" truecount="0" falsecount="2"/>
        <line num="129" count="0" type="cond" truecount="0" falsecount="14"/>
        <line num="130" count="0" type="cond" truecount="0" falsecount="78"/>
        <line num="134" count="3" type="cond" truecount="36" falsecount="103"/>
        <line num="135" count="3" type="cond" truecount="1" falsecount="11"/>
      </file>
    </package>
    <package name="src.chat">
      <metrics statements="69" coveredstatements="19" conditionals="54" coveredconditionals="7" methods="7" coveredmethods="2"/>
      <file name="suggest.js" path="C:\Users\Dell\Desktop\AI_MENTOR\backend\src\chat\suggest.js">
        <metrics statements="69" coveredstatements="19" conditionals="54" coveredconditionals="7" methods="7" coveredmethods="2"/>
        <line num="4" count="1" type="stmt"/>
        <line num="6" count="1" type="stmt"/>
        <line num="7" count="2" type="cond" truecount="1" falsecount="1"/>
        <line num="8" count="2" type="stmt"/>
        <line num="9" count="2" type="stmt"/>
        <line num="11" count="2" type="stmt"/>
        <line num="14" count="1" type="stmt"/>
        <line num="15" count="0" type="cond" truecount="0" falsecount="2"/>
        <line num="16" count="0" type="cond" truecount="0" falsecount="2"/>
        <line num="17" count="0" type="stmt"/>
        <line num="20" count="1" type="stmt"/>
        <line num="21" count="0" type="cond" truecount="0" falsecount="2"/>
        <line num="25" count="1" type="cond" truecount="0" falsecount="1"/>
        <line num="26" count="0" type="stmt"/>
        <line num="27" count="0" type="stmt"/>
        <line num="31" count="0" type="cond" truecount="0" falsecount="2"/>
        <line num="32" count="0" type="cond" truecount="0" falsecount="2"/>
        <line num="34" count="0" type="stmt"/>
        <line num="35" count="0" type="stmt"/>
        <line num="36" count="0" type="cond" truecount="0" falsecount="2"/>
        <line num="39" count="0" type="stmt"/>
        <line num="41" count="0" type="cond" truecount="0" falsecount="2"/>
        <line num="42" count="0" type="stmt"/>
        <line num="50" count="0" type="stmt"/>
        <line num="52" count="0" type="stmt"/>
        <line num="54" count="0" type="stmt"/>
        <line num="55" count="0" type="stmt"/>
        <line num="60" count="1" type="cond" truecount="0" falsecount="2"/>
        <line num="61" count="0" type="stmt"/>
        <line num="62" count="0" type="stmt"/>
        <line num="66" count="0" type="cond" truecount="0" falsecount="2"/>
        <line num="68" count="0" type="cond" truecount="0" falsecount="2"/>
        <line num="69" count="0" type="stmt"/>
        <line num="71" count="0" type="stmt"/>
        <line num="79" count="0" type="stmt"/>
        <line num="81" count="0" type="stmt"/>
        <line num="82" count="0" type="stmt"/>
        <line num="88" count="1" type="stmt"/>
        <line num="89" count="1" type="stmt"/>
        <line num="90" count="1" type="cond" truecount="1" falsecount="1"/>
        <line num="91" count="1" type="stmt"/>
        <line num="92" count="1" type="stmt"/>
        <line num="93" count="1" type="stmt"/>
        <line num="95" count="1" type="cond" truecount="1" falsecount="1"/>
        <line num="97" count="0" type="stmt"/>
        <line num="113" count="0" type="cond" truecount="0" falsecount="4"/>
        <line num="115" count="0" type="stmt"/>
        <line num="116" count="0" type="cond" truecount="0" falsecount="2"/>
        <line num="117" count="0" type="stmt"/>
        <line num="118" count="0" type="cond" truecount="0" falsecount="4"/>
        <line num="120" count="0" type="stmt"/>
        <line num="124" count="1" type="cond" truecount="4" falsecount="1"/>
        <line num="126" count="0" type="stmt"/>
        <line num="127" count="0" type="stmt"/>
        <line num="128" count="0" type="cond" truecount="0" falsecount="2"/>
        <line num="129" count="0" type="stmt"/>
        <line num="130" count="0" type="stmt"/>
        <line num="133" count="0" type="stmt"/>
        <line num="134" count="0" type="cond" truecount="0" falsecount="2"/>
        <line num="135" count="0" type="stmt"/>
        <line num="139" count="0" type="cond" truecount="0" falsecount="2"/>
        <line num="140" count="0" type="stmt"/>
        <line num="141" count="0" type="cond" truecount="0" falsecount="2"/>
        <line num="142" count="0" type="cond" truecount="0" falsecount="2"/>
        <line num="143" count="0" type="cond" truecount="0" falsecount="2"/>
        <line num="144" count="0" type="stmt"/>
        <line num="148" count="1" type="stmt"/>
        <line num="150" count="0" type="stmt"/>
        <line num="151" count="0" type="stmt"/>
      </file>
    </package>
    <package name="src.controller">
      <metrics statements="51" coveredstatements="9" conditionals="29" coveredconditionals="5" methods="11" coveredmethods="2"/>
      <file name="notiAutoMation.controller.js" path="C:\Users\Dell\Desktop\AI_MENTOR\backend\src\controller\notiAutoMation.controller.js">
        <metrics statements="51" coveredstatements="9" conditionals="29" coveredconditionals="5" methods="11" coveredmethods="2"/>
        <line num="13" count="3" type="stmt"/>
        <line num="14" count="3" type="stmt"/>
        <line num="15" count="3" type="stmt"/>
        <line num="16" count="3" type="stmt"/>
        <line num="17" count="3" type="stmt"/>
        <line num="18" count="3" type="stmt"/>
        <line num="19" count="3" type="stmt"/>
        <line num="23" count="0" type="stmt"/>
        <line num="24" count="0" type="stmt"/>
        <line num="33" count="0" type="stmt"/>
        <line num="39" count="0" type="stmt"/>
        <line num="40" count="0" type="stmt"/>
        <line num="47" count="0" type="stmt"/>
        <line num="52" count="0" type="stmt"/>
        <line num="53" count="0" type="stmt"/>
        <line num="54" count="0" type="cond" truecount="0" falsecount="2"/>
        <line num="55" count="0" type="stmt"/>
        <line num="56" count="0" type="stmt"/>
        <line num="62" count="0" type="stmt"/>
        <line num="70" count="0" type="stmt"/>
        <line num="75" count="1" type="stmt"/>
        <line num="76" count="1" type="stmt"/>
        <line num="82" count="0" type="stmt"/>
        <line num="86" count="0" type="stmt"/>
        <line num="87" count="0" type="stmt"/>
        <line num="92" count="0" type="stmt"/>
        <line num="100" count="0" type="stmt"/>
        <line num="104" count="0" type="stmt"/>
        <line num="105" count="0" type="stmt"/>
        <line num="106" count="0" type="stmt"/>
        <line num="115" count="0" type="stmt"/>
        <line num="116" count="0" type="stmt"/>
        <line num="121" count="0" type="stmt"/>
        <line num="122" count="0" type="stmt"/>
        <line num="123" count="0" type="cond" truecount="0" falsecount="2"/>
        <line num="124" count="0" type="stmt"/>
        <line num="125" count="0" type="stmt"/>
        <line num="132" count="0" type="stmt"/>
        <line num="140" count="0" type="stmt"/>
        <line num="145" count="0" type="stmt"/>
        <line num="146" count="0" type="stmt"/>
        <line num="150" count="0" type="stmt"/>
        <line num="159" count="0" type="stmt"/>
        <line num="164" count="0" type="stmt"/>
        <line num="165" count="0" type="stmt"/>
        <line num="166" count="0" type="stmt"/>
        <line num="175" count="0" type="stmt"/>
        <line num="180" count="0" type="stmt"/>
        <line num="181" count="0" type="stmt"/>
        <line num="182" count="0" type="stmt"/>
        <line num="184" count="0" type="stmt"/>
      </file>
    </package>
    <package name="src.controller.userNoti">
      <metrics statements="9" coveredstatements="7" conditionals="8" coveredconditionals="1" methods="3" coveredmethods="3"/>
      <file name="updateUserInfoNoti.js" path="C:\Users\Dell\Desktop\AI_MENTOR\backend\src\controller\userNoti\updateUserInfoNoti.js">
        <metrics statements="9" coveredstatements="7" conditionals="8" coveredconditionals="1" methods="3" coveredmethods="3"/>
        <line num="12" count="2" type="stmt"/>
        <line num="13" count="2" type="stmt"/>
        <line num="14" count="2" type="stmt"/>
        <line num="17" count="1" type="stmt"/>
        <line num="18" count="1" type="stmt"/>
        <line num="24" count="0" type="cond" truecount="0" falsecount="2"/>
        <line num="28" count="1" type="stmt"/>
        <line num="29" count="1" type="stmt"/>
        <line num="35" count="0" type="cond" truecount="0" falsecount="2"/>
      </file>
    </package>
    <package name="src.libs">
      <metrics statements="12" coveredstatements="10" conditionals="5" coveredconditionals="5" methods="3" coveredmethods="2"/>
      <file name="notiEmitter.js" path="C:\Users\Dell\Desktop\AI_MENTOR\backend\src\libs\notiEmitter.js">
        <metrics statements="2" coveredstatements="1" conditionals="0" coveredconditionals="0" methods="1" coveredmethods="0"/>
        <line num="3" count="1" type="stmt"/>
        <line num="4" count="0" type="stmt"/>
      </file>
      <file name="notificationService.js" path="C:\Users\Dell\Desktop\AI_MENTOR\backend\src\libs\notificationService.js">
        <metrics statements="9" coveredstatements="8" conditionals="5" coveredconditionals="5" methods="2" coveredmethods="2"/>
        <line num="3" count="2" type="stmt"/>
        <line num="4" count="2" type="stmt"/>
        <line num="7" count="2" type="stmt"/>
        <line num="8" count="2" type="stmt"/>
        <line num="9" count="2" type="stmt"/>
        <line num="10" count="2" type="cond" truecount="5" falsecount="0"/>
        <line num="11" count="1" type="stmt"/>
        <line num="18" count="0" type="stmt"/>
        <line num="20" count="2" type="stmt"/>
      </file>
      <file name="prisma.js" path="C:\Users\Dell\Desktop\AI_MENTOR\backend\src\libs\prisma.js">
        <metrics statements="1" coveredstatements="1" conditionals="0" coveredconditionals="0" methods="0" coveredmethods="0"/>
        <line num="4" count="3" type="stmt"/>
      </file>
    </package>
  </project>
</coverage>
